Build started 6/25/2012 3:45:22 PM.
     1>Project "C:\Users\tom\Documents\Visual Studio 2010\Projects\PEWSHOOM\vc10\casm.vcxproj" on node 2 (rebuild target(s)).
     1>_PrepareForClean:
         Deleting file ".\Debug\casm.lastbuildstate".
       InitializeBuildStatus:
         Creating ".\Debug\casm.unsuccessfulbuild" because "AlwaysCreate" was specified.
       ClCompile:
         c:\Program Files (x86)\Microsoft Visual Studio 10.0\VC\bin\CL.exe /c /I\OpenCV2.1\include\opencv /I..\regex /I..\gsl /I..\gsl\gsl /I..\image /I..\jpeg /I..\mat /I..\rowley /I..\stasm /I..\tasm /I..\png /I..\png\zlib /I..\png\pnglib /ZI /nologo /W3 /WX- /Od /Oy- /D WIN32 /D _DEBUG /D _CONSOLE /D HAVE_CONFIG_H /D STDC_HEADERS /D REGEX_MALLOC /D _VC80_UPGRADE=0x0600 /D _MBCS /Gm- /EHsc /MTd /GS /fp:precise /Zc:wchar_t /Zc:forScope /Fo".\Debug/" /Fd".\Debug/vc100.pdb" /Gd /TP /analyze- /errorReport:prompt ..\stasm\asmsearch.cpp ..\stasm\atface.cpp ..\winapps\casm\camera.cpp ..\winapps\casm\casm.cpp ..\rowley\find.cpp ..\rowley\follow.cpp ..\rowley\forward.cpp ..\image\imequalize.cpp ..\image\imfile.cpp ..\image\imwrite.cpp ..\stasm\winfile.cpp ..\image\imgiven.cpp ..\stasm\imshape.cpp ..\image\imutil.cpp ..\stasm\initasm.cpp ..\rowley\initnet.cpp ..\image\jpegutil.cpp ..\stasm\landmarks.cpp ..\rowley\list.cpp ..\mat\mat.cpp ..\mat\matvec.cpp ..\mat\mchol.cpp ..\tasm\mrand.cpp ..\image\pngutil.cpp ..\stasm\prof.cpp ..\stasm\readasm.cpp ..\stasm\readconf.cpp ..\image\rgbimutil.cpp ..\stasm\rowley.cpp ..\stasm\rowleyhand.cpp ..\stasm\safe_alloc.cpp ..\rowley\search.cpp ..\stasm\shapefile.cpp ..\stasm\shapemodel.cpp ..\stasm\sparsemat.cpp ..\stasm\startshape.cpp ..\stasm\stasm.cpp ..\stasm\tab.cpp ..\stasm\util.cpp ..\stasm\violajones.cpp ..\stasm\vjhand.cpp ..\stasm\werr.cpp ..\stasm\wrelease.cpp
         asmsearch.cpp
         atface.cpp
         camera.cpp
         casm.cpp
         find.cpp
         follow.cpp
         forward.cpp
         imequalize.cpp
         imfile.cpp
         imwrite.cpp
         winfile.cpp
         imgiven.cpp
         imshape.cpp
         imutil.cpp
         initasm.cpp
         initnet.cpp
         jpegutil.cpp
         landmarks.cpp
         list.cpp
         mat.cpp
         Generating Code...
         Compiling...
         matvec.cpp
         mchol.cpp
         mrand.cpp
         pngutil.cpp
         prof.cpp
         readasm.cpp
         readconf.cpp
         rgbimutil.cpp
         rowley.cpp
         rowleyhand.cpp
         safe_alloc.cpp
         search.cpp
         shapefile.cpp
         shapemodel.cpp
         sparsemat.cpp
         startshape.cpp
         stasm.cpp
         tab.cpp
         util.cpp
         violajones.cpp
         Generating Code...
         Compiling...
         vjhand.cpp
         werr.cpp
         wrelease.cpp
         Generating Code...
         c:\Program Files (x86)\Microsoft Visual Studio 10.0\VC\bin\CL.exe /c /I\OpenCV2.1\include\opencv /I..\regex /I..\gsl /I..\gsl\gsl /I..\image /I..\jpeg /I..\mat /I..\rowley /I..\stasm /I..\tasm /I..\png /I..\png\zlib /I..\png\pnglib /ZI /nologo /W3 /WX- /Od /Oy- /D WIN32 /D _DEBUG /D _CONSOLE /D HAVE_CONFIG_H /D STDC_HEADERS /D REGEX_MALLOC /D _VC80_UPGRADE=0x0600 /D _MBCS /Gm- /EHsc /MTd /GS /fp:precise /Zc:wchar_t /Zc:forScope /Fo".\Debug/" /Fd".\Debug/vc100.pdb" /Gd /TC /analyze- /errorReport:prompt ..\image\ezfont.c ..\stasm\hypot.c ..\png\readpng.c ..\regex\regex.c ..\rowley\tclHash.c ..\jpeg\wrbmp.c
         ezfont.c
         hypot.c
         readpng.c
         regex.c
         tclHash.c
         wrbmp.c
         Generating Code...
       ResourceCompile:
         C:\Program Files (x86)\Microsoft SDKs\Windows\v7.0A\bin\rc.exe /D _DEBUG /D _VC80_UPGRADE=0x0600 /l"0x0409" /nologo /fo".\Debug\casm.res" ..\winapps\casm\casm.rc 
       ManifestResourceCompile:
         C:\Program Files (x86)\Microsoft SDKs\Windows\v7.0A\bin\rc.exe /nologo /fo".\Debug\casm.exe.embed.manifest.res" .\Debug\casm_manifest.rc 
       Link:
         c:\Program Files (x86)\Microsoft Visual Studio 10.0\VC\bin\link.exe /ERRORREPORT:PROMPT /OUT:"Debug/casm.exe" /INCREMENTAL /NOLOGO odbc32.lib odbccp32.lib ..\gsl\lib_ms\mini_gslML.lib ..\gsl\lib_ms\gslcblasML.lib ..\jpeg\lib_ms\libjpeg.lib \OpenCV2.1\lib\cv210.lib \OpenCV2.1\lib\cxcore210.lib \OpenCV2.1\lib\highgui210.lib setargv.obj binmode.obj comctl32.lib vfw32.lib ..\png\pnglib\libpng.lib ..\png\zlib\zlib.lib kernel32.lib user32.lib gdi32.lib winspool.lib comdlg32.lib advapi32.lib shell32.lib ole32.lib oleaut32.lib uuid.lib odbc32.lib odbccp32.lib /NODEFAULTLIB:LIBCD /NODEFAULTLIB:LIBC /MANIFEST /ManifestFile:".\Debug\casm.exe.intermediate.manifest" /MANIFESTUAC:"level='asInvoker' uiAccess='false'" /DEBUG /PDB:".\Debug/casm.pdb" /SUBSYSTEM:WINDOWS /TLBID:1 /DYNAMICBASE:NO /IMPLIB:".\Debug\casm.lib" /MACHINE:X86 .\Debug\casm.res
         .\Debug\casm.exe.embed.manifest.res
         .\Debug/asmsearch.obj
         .\Debug/atface.obj
         .\Debug/camera.obj
         .\Debug/casm.obj
         .\Debug/ezfont.obj
         .\Debug/find.obj
         .\Debug/follow.obj
         .\Debug/forward.obj
         .\Debug/imequalize.obj
         .\Debug/imfile.obj
         .\Debug/imwrite.obj
         .\Debug/winfile.obj
         .\Debug/imgiven.obj
         .\Debug/hypot.obj
         .\Debug/imshape.obj
         .\Debug/imutil.obj
         .\Debug/initasm.obj
         .\Debug/initnet.obj
         .\Debug/jpegutil.obj
         .\Debug/landmarks.obj
         .\Debug/list.obj
         .\Debug/mat.obj
         .\Debug/matvec.obj
         .\Debug/mchol.obj
         .\Debug/mrand.obj
         .\Debug/pngutil.obj
         .\Debug/prof.obj
         .\Debug/readasm.obj
         .\Debug/readconf.obj
         .\Debug/readpng.obj
         .\Debug/regex.obj
         .\Debug/rgbimutil.obj
         .\Debug/rowley.obj
         .\Debug/rowleyhand.obj
         .\Debug/safe_alloc.obj
         .\Debug/search.obj
         .\Debug/shapefile.obj
         .\Debug/shapemodel.obj
         .\Debug/sparsemat.obj
         .\Debug/startshape.obj
         .\Debug/stasm.obj
         .\Debug/tab.obj
         .\Debug/tclHash.obj
         .\Debug/util.obj
         .\Debug/violajones.obj
         .\Debug/vjhand.obj
         .\Debug/werr.obj
         .\Debug/wrbmp.obj
         .\Debug/wrelease.obj
       Manifest:
         Deleting file ".\Debug\casm.exe.embed.manifest".
         C:\Program Files (x86)\Microsoft SDKs\Windows\v7.0A\bin\mt.exe /nologo /verbose /out:".\Debug\casm.exe.embed.manifest" /manifest .\Debug\casm.exe.intermediate.manifest
         C:\Program Files (x86)\Microsoft SDKs\Windows\v7.0A\bin\rc.exe /nologo /fo".\Debug\casm.exe.embed.manifest.res" .\Debug\casm_manifest.rc 
       LinkEmbedManifest:
         c:\Program Files (x86)\Microsoft Visual Studio 10.0\VC\bin\link.exe /ERRORREPORT:PROMPT /OUT:"Debug/casm.exe" /INCREMENTAL /NOLOGO odbc32.lib odbccp32.lib ..\gsl\lib_ms\mini_gslML.lib ..\gsl\lib_ms\gslcblasML.lib ..\jpeg\lib_ms\libjpeg.lib \OpenCV2.1\lib\cv210.lib \OpenCV2.1\lib\cxcore210.lib \OpenCV2.1\lib\highgui210.lib setargv.obj binmode.obj comctl32.lib vfw32.lib ..\png\pnglib\libpng.lib ..\png\zlib\zlib.lib kernel32.lib user32.lib gdi32.lib winspool.lib comdlg32.lib advapi32.lib shell32.lib ole32.lib oleaut32.lib uuid.lib odbc32.lib odbccp32.lib /NODEFAULTLIB:LIBCD /NODEFAULTLIB:LIBC /MANIFEST /ManifestFile:".\Debug\casm.exe.intermediate.manifest" /MANIFESTUAC:"level='asInvoker' uiAccess='false'" /DEBUG /PDB:".\Debug/casm.pdb" /SUBSYSTEM:WINDOWS /TLBID:1 /DYNAMICBASE:NO /IMPLIB:".\Debug\casm.lib" /MACHINE:X86 .\Debug\casm.res
         .\Debug\casm.exe.embed.manifest.res
         .\Debug/asmsearch.obj
         .\Debug/atface.obj
         .\Debug/camera.obj
         .\Debug/casm.obj
         .\Debug/ezfont.obj
         .\Debug/find.obj
         .\Debug/follow.obj
         .\Debug/forward.obj
         .\Debug/imequalize.obj
         .\Debug/imfile.obj
         .\Debug/imwrite.obj
         .\Debug/winfile.obj
         .\Debug/imgiven.obj
         .\Debug/hypot.obj
         .\Debug/imshape.obj
         .\Debug/imutil.obj
         .\Debug/initasm.obj
         .\Debug/initnet.obj
         .\Debug/jpegutil.obj
         .\Debug/landmarks.obj
         .\Debug/list.obj
         .\Debug/mat.obj
         .\Debug/matvec.obj
         .\Debug/mchol.obj
         .\Debug/mrand.obj
         .\Debug/pngutil.obj
         .\Debug/prof.obj
         .\Debug/readasm.obj
         .\Debug/readconf.obj
         .\Debug/readpng.obj
         .\Debug/regex.obj
         .\Debug/rgbimutil.obj
         .\Debug/rowley.obj
         .\Debug/rowleyhand.obj
         .\Debug/safe_alloc.obj
         .\Debug/search.obj
         .\Debug/shapefile.obj
         .\Debug/shapemodel.obj
         .\Debug/sparsemat.obj
         .\Debug/startshape.obj
         .\Debug/stasm.obj
         .\Debug/tab.obj
         .\Debug/tclHash.obj
         .\Debug/util.obj
         .\Debug/violajones.obj
         .\Debug/vjhand.obj
         .\Debug/werr.obj
         .\Debug/wrbmp.obj
         .\Debug/wrelease.obj
         casm.vcxproj -> C:\Users\tom\Documents\Visual Studio 2010\Projects\PEWSHOOM\vc10\.\Debug\casm.exe
       FinalizeBuildStatus:
         Deleting file ".\Debug\casm.unsuccessfulbuild".
         Touching ".\Debug\casm.lastbuildstate".
     1>Done Building Project "C:\Users\tom\Documents\Visual Studio 2010\Projects\PEWSHOOM\vc10\casm.vcxproj" (rebuild target(s)).

Build succeeded.

Time Elapsed 00:01:24.86
