.\Debug\casm.ilk
.\Debug\casm.pdb
C:\Users\tom\Documents\Visual Studio 2010\Projects\PEWSHOOM\vc10\.\Debug\casm.exe
C:\Users\tom\Documents\Visual Studio 2010\Projects\PEWSHOOM\vc10\.\Debug\casm.exe.intermediate.manifest
C:\USERS\TOM\DOCUMENTS\VISUAL STUDIO 2010\PROJECTS\PEWSHOOM\VC10\DEBUG\ASMSEARCH.OBJ
C:\USERS\TOM\DOCUMENTS\VISUAL STUDIO 2010\PROJECTS\PEWSHOOM\VC10\DEBUG\ATFACE.OBJ
C:\USERS\TOM\DOCUMENTS\VISUAL STUDIO 2010\PROJECTS\PEWSHOOM\VC10\DEBUG\CAMERA.OBJ
C:\USERS\TOM\DOCUMENTS\VISUAL STUDIO 2010\PROJECTS\PEWSHOOM\VC10\DEBUG\CASM.EXE
C:\USERS\TOM\DOCUMENTS\VISUAL STUDIO 2010\PROJECTS\PEWSHOOM\VC10\DEBUG\CASM.EXE.EMBED.MANIFEST
C:\USERS\TOM\DOCUMENTS\VISUAL STUDIO 2010\PROJECTS\PEWSHOOM\VC10\DEBUG\CASM.EXE.EMBED.MANIFEST.RES
C:\USERS\TOM\DOCUMENTS\VISUAL STUDIO 2010\PROJECTS\PEWSHOOM\VC10\DEBUG\CASM.EXE.INTERMEDIATE.MANIFEST
C:\USERS\TOM\DOCUMENTS\VISUAL STUDIO 2010\PROJECTS\PEWSHOOM\VC10\DEBUG\CASM.ILK
C:\USERS\TOM\DOCUMENTS\VISUAL STUDIO 2010\PROJECTS\PEWSHOOM\VC10\DEBUG\CASM.OBJ
C:\USERS\TOM\DOCUMENTS\VISUAL STUDIO 2010\PROJECTS\PEWSHOOM\VC10\DEBUG\CASM.PDB
C:\USERS\TOM\DOCUMENTS\VISUAL STUDIO 2010\PROJECTS\PEWSHOOM\VC10\DEBUG\CASM.RES
C:\Users\tom\Documents\Visual Studio 2010\Projects\PEWSHOOM\vc10\Debug\casm_manifest.rc
C:\Users\tom\Documents\Visual Studio 2010\Projects\PEWSHOOM\vc10\Debug\cl.command.1.tlog
C:\Users\tom\Documents\Visual Studio 2010\Projects\PEWSHOOM\vc10\Debug\CL.read.1.tlog
C:\Users\tom\Documents\Visual Studio 2010\Projects\PEWSHOOM\vc10\Debug\CL.write.1.tlog
C:\USERS\TOM\DOCUMENTS\VISUAL STUDIO 2010\PROJECTS\PEWSHOOM\VC10\DEBUG\EZFONT.OBJ
C:\USERS\TOM\DOCUMENTS\VISUAL STUDIO 2010\PROJECTS\PEWSHOOM\VC10\DEBUG\FIND.OBJ
C:\USERS\TOM\DOCUMENTS\VISUAL STUDIO 2010\PROJECTS\PEWSHOOM\VC10\DEBUG\FOLLOW.OBJ
C:\USERS\TOM\DOCUMENTS\VISUAL STUDIO 2010\PROJECTS\PEWSHOOM\VC10\DEBUG\FORWARD.OBJ
C:\USERS\TOM\DOCUMENTS\VISUAL STUDIO 2010\PROJECTS\PEWSHOOM\VC10\DEBUG\HYPOT.OBJ
C:\USERS\TOM\DOCUMENTS\VISUAL STUDIO 2010\PROJECTS\PEWSHOOM\VC10\DEBUG\IMEQUALIZE.OBJ
C:\USERS\TOM\DOCUMENTS\VISUAL STUDIO 2010\PROJECTS\PEWSHOOM\VC10\DEBUG\IMFILE.OBJ
C:\USERS\TOM\DOCUMENTS\VISUAL STUDIO 2010\PROJECTS\PEWSHOOM\VC10\DEBUG\IMGIVEN.OBJ
C:\USERS\TOM\DOCUMENTS\VISUAL STUDIO 2010\PROJECTS\PEWSHOOM\VC10\DEBUG\IMSHAPE.OBJ
C:\USERS\TOM\DOCUMENTS\VISUAL STUDIO 2010\PROJECTS\PEWSHOOM\VC10\DEBUG\IMUTIL.OBJ
C:\USERS\TOM\DOCUMENTS\VISUAL STUDIO 2010\PROJECTS\PEWSHOOM\VC10\DEBUG\IMWRITE.OBJ
C:\USERS\TOM\DOCUMENTS\VISUAL STUDIO 2010\PROJECTS\PEWSHOOM\VC10\DEBUG\INITASM.OBJ
C:\USERS\TOM\DOCUMENTS\VISUAL STUDIO 2010\PROJECTS\PEWSHOOM\VC10\DEBUG\INITNET.OBJ
C:\USERS\TOM\DOCUMENTS\VISUAL STUDIO 2010\PROJECTS\PEWSHOOM\VC10\DEBUG\JPEGUTIL.OBJ
C:\USERS\TOM\DOCUMENTS\VISUAL STUDIO 2010\PROJECTS\PEWSHOOM\VC10\DEBUG\LANDMARKS.OBJ
C:\Users\tom\Documents\Visual Studio 2010\Projects\PEWSHOOM\vc10\Debug\link.command.1.tlog
C:\Users\tom\Documents\Visual Studio 2010\Projects\PEWSHOOM\vc10\Debug\link.read.1.tlog
C:\Users\tom\Documents\Visual Studio 2010\Projects\PEWSHOOM\vc10\Debug\link.write.1.tlog
C:\Users\tom\Documents\Visual Studio 2010\Projects\PEWSHOOM\vc10\Debug\link-cvtres.read.1.tlog
C:\Users\tom\Documents\Visual Studio 2010\Projects\PEWSHOOM\vc10\Debug\link-cvtres.write.1.tlog
C:\USERS\TOM\DOCUMENTS\VISUAL STUDIO 2010\PROJECTS\PEWSHOOM\VC10\DEBUG\LIST.OBJ
C:\USERS\TOM\DOCUMENTS\VISUAL STUDIO 2010\PROJECTS\PEWSHOOM\VC10\DEBUG\MAT.OBJ
C:\USERS\TOM\DOCUMENTS\VISUAL STUDIO 2010\PROJECTS\PEWSHOOM\VC10\DEBUG\MATVEC.OBJ
C:\USERS\TOM\DOCUMENTS\VISUAL STUDIO 2010\PROJECTS\PEWSHOOM\VC10\DEBUG\MCHOL.OBJ
C:\USERS\TOM\DOCUMENTS\VISUAL STUDIO 2010\PROJECTS\PEWSHOOM\VC10\DEBUG\MRAND.OBJ
C:\Users\tom\Documents\Visual Studio 2010\Projects\PEWSHOOM\vc10\Debug\mt.command.1.tlog
C:\Users\tom\Documents\Visual Studio 2010\Projects\PEWSHOOM\vc10\Debug\mt.read.1.tlog
C:\Users\tom\Documents\Visual Studio 2010\Projects\PEWSHOOM\vc10\Debug\mt.write.1.tlog
C:\USERS\TOM\DOCUMENTS\VISUAL STUDIO 2010\PROJECTS\PEWSHOOM\VC10\DEBUG\PNGUTIL.OBJ
C:\USERS\TOM\DOCUMENTS\VISUAL STUDIO 2010\PROJECTS\PEWSHOOM\VC10\DEBUG\PROF.OBJ
C:\Users\tom\Documents\Visual Studio 2010\Projects\PEWSHOOM\vc10\Debug\rc.command.1.tlog
C:\Users\tom\Documents\Visual Studio 2010\Projects\PEWSHOOM\vc10\Debug\rc.read.1.tlog
C:\Users\tom\Documents\Visual Studio 2010\Projects\PEWSHOOM\vc10\Debug\rc.write.1.tlog
C:\USERS\TOM\DOCUMENTS\VISUAL STUDIO 2010\PROJECTS\PEWSHOOM\VC10\DEBUG\READASM.OBJ
C:\USERS\TOM\DOCUMENTS\VISUAL STUDIO 2010\PROJECTS\PEWSHOOM\VC10\DEBUG\READCONF.OBJ
C:\USERS\TOM\DOCUMENTS\VISUAL STUDIO 2010\PROJECTS\PEWSHOOM\VC10\DEBUG\READPNG.OBJ
C:\USERS\TOM\DOCUMENTS\VISUAL STUDIO 2010\PROJECTS\PEWSHOOM\VC10\DEBUG\REGEX.OBJ
C:\USERS\TOM\DOCUMENTS\VISUAL STUDIO 2010\PROJECTS\PEWSHOOM\VC10\DEBUG\RGBIMUTIL.OBJ
C:\USERS\TOM\DOCUMENTS\VISUAL STUDIO 2010\PROJECTS\PEWSHOOM\VC10\DEBUG\ROWLEY.OBJ
C:\USERS\TOM\DOCUMENTS\VISUAL STUDIO 2010\PROJECTS\PEWSHOOM\VC10\DEBUG\ROWLEYHAND.OBJ
C:\USERS\TOM\DOCUMENTS\VISUAL STUDIO 2010\PROJECTS\PEWSHOOM\VC10\DEBUG\SAFE_ALLOC.OBJ
C:\USERS\TOM\DOCUMENTS\VISUAL STUDIO 2010\PROJECTS\PEWSHOOM\VC10\DEBUG\SEARCH.OBJ
C:\USERS\TOM\DOCUMENTS\VISUAL STUDIO 2010\PROJECTS\PEWSHOOM\VC10\DEBUG\SHAPEFILE.OBJ
C:\USERS\TOM\DOCUMENTS\VISUAL STUDIO 2010\PROJECTS\PEWSHOOM\VC10\DEBUG\SHAPEMODEL.OBJ
C:\USERS\TOM\DOCUMENTS\VISUAL STUDIO 2010\PROJECTS\PEWSHOOM\VC10\DEBUG\SPARSEMAT.OBJ
C:\USERS\TOM\DOCUMENTS\VISUAL STUDIO 2010\PROJECTS\PEWSHOOM\VC10\DEBUG\STARTSHAPE.OBJ
C:\USERS\TOM\DOCUMENTS\VISUAL STUDIO 2010\PROJECTS\PEWSHOOM\VC10\DEBUG\STASM.OBJ
C:\USERS\TOM\DOCUMENTS\VISUAL STUDIO 2010\PROJECTS\PEWSHOOM\VC10\DEBUG\TAB.OBJ
C:\USERS\TOM\DOCUMENTS\VISUAL STUDIO 2010\PROJECTS\PEWSHOOM\VC10\DEBUG\TCLHASH.OBJ
C:\USERS\TOM\DOCUMENTS\VISUAL STUDIO 2010\PROJECTS\PEWSHOOM\VC10\DEBUG\UTIL.OBJ
C:\Users\tom\Documents\Visual Studio 2010\Projects\PEWSHOOM\vc10\Debug\vc100.idb
C:\USERS\TOM\DOCUMENTS\VISUAL STUDIO 2010\PROJECTS\PEWSHOOM\VC10\DEBUG\VC100.PDB
C:\USERS\TOM\DOCUMENTS\VISUAL STUDIO 2010\PROJECTS\PEWSHOOM\VC10\DEBUG\VIOLAJONES.OBJ
C:\USERS\TOM\DOCUMENTS\VISUAL STUDIO 2010\PROJECTS\PEWSHOOM\VC10\DEBUG\VJHAND.OBJ
C:\USERS\TOM\DOCUMENTS\VISUAL STUDIO 2010\PROJECTS\PEWSHOOM\VC10\DEBUG\WERR.OBJ
C:\USERS\TOM\DOCUMENTS\VISUAL STUDIO 2010\PROJECTS\PEWSHOOM\VC10\DEBUG\WINFILE.OBJ
C:\USERS\TOM\DOCUMENTS\VISUAL STUDIO 2010\PROJECTS\PEWSHOOM\VC10\DEBUG\WRBMP.OBJ
C:\USERS\TOM\DOCUMENTS\VISUAL STUDIO 2010\PROJECTS\PEWSHOOM\VC10\DEBUG\WRELEASE.OBJ
