Build started 6/25/2012 3:51:35 PM.
     1>Project "C:\Users\tom\Documents\Visual Studio 2010\Projects\PEWSHOOM\vc10\marki.vcxproj" on node 2 (build target(s)).
     1>InitializeBuildStatus:
         Creating ".\Debug\marki.unsuccessfulbuild" because "AlwaysCreate" was specified.
       ClCompile:
         c:\Program Files (x86)\Microsoft Visual Studio 10.0\VC\bin\CL.exe /c /I\OpenCV2.1\include\opencv /I..\regex /I..\gsl /I..\gsl\gsl /I..\image /I..\jpeg /I..\mat /I..\rowley /I..\stasm /I..\tasm /I..\png /I..\png\zlib /I..\png\pnglib /ZI /nologo /W3 /WX- /Od /Oy- /D WIN32 /D _DEBUG /D _CONSOLE /D HAVE_CONFIG_H /D STDC_HEADERS /D REGEX_MALLOC /D _VC80_UPGRADE=0x0600 /D _MBCS /Gm- /EHsc /MTd /GS /fp:precise /Zc:wchar_t /Zc:forScope /Fo".\Debug/" /Fd".\Debug/vc100.pdb" /Gd /TP /analyze- /errorReport:prompt ..\winapps\marki\marki.cpp
         marki.cpp
         All outputs are up-to-date.
       ResourceCompile:
         C:\Program Files (x86)\Microsoft SDKs\Windows\v7.0A\bin\rc.exe /D _DEBUG /D _VC80_UPGRADE=0x0600 /l"0x0409" /nologo /fo".\Debug\marki.res" ..\winapps\marki\marki.rc 
       ManifestResourceCompile:
         C:\Program Files (x86)\Microsoft SDKs\Windows\v7.0A\bin\rc.exe /nologo /fo".\Debug\marki.exe.embed.manifest.res" .\Debug\marki_manifest.rc 
       Link:
         c:\Program Files (x86)\Microsoft Visual Studio 10.0\VC\bin\link.exe /ERRORREPORT:PROMPT /OUT:"Debug/marki.exe" /INCREMENTAL /NOLOGO odbc32.lib odbccp32.lib winmm.lib ..\gsl\lib_ms\mini_gslML.lib ..\gsl\lib_ms\gslcblasML.lib ..\jpeg\lib_ms\libjpeg.lib \OpenCV2.1\lib\cv210.lib \OpenCV2.1\lib\cxcore210.lib \OpenCV2.1\lib\highgui210.lib setargv.obj binmode.obj comctl32.lib ..\png\pnglib\libpng.lib ..\png\zlib\zlib.lib kernel32.lib user32.lib gdi32.lib winspool.lib comdlg32.lib advapi32.lib shell32.lib ole32.lib oleaut32.lib uuid.lib odbc32.lib odbccp32.lib /NODEFAULTLIB:LIBCD /NODEFAULTLIB:LIBC /MANIFEST /ManifestFile:".\Debug\marki.exe.intermediate.manifest" /MANIFESTUAC:"level='asInvoker' uiAccess='false'" /DEBUG /PDB:".\Debug/marki.pdb" /SUBSYSTEM:WINDOWS /TLBID:1 /DYNAMICBASE:NO /IMPLIB:".\Debug\marki.lib" /MACHINE:X86 .\Debug\marki.res
         .\Debug\marki.exe.embed.manifest.res
         .\Debug/asmsearch.obj
         .\Debug/atface.obj
         .\Debug/ezfont.obj
         .\Debug/find.obj
         .\Debug/follow.obj
         .\Debug/forward.obj
         .\Debug/imequalize.obj
         .\Debug/imfile.obj
         .\Debug/imwrite.obj
         .\Debug/imgiven.obj
         .\Debug/imshape.obj
         .\Debug/hypot.obj
         .\Debug/imutil.obj
         .\Debug/initasm.obj
         .\Debug/initnet.obj
         .\Debug/jpegutil.obj
         .\Debug/landmarks.obj
         .\Debug/list.obj
         .\Debug/marki.obj
         .\Debug/winfile.obj
         .\Debug/mat.obj
         .\Debug/matvec.obj
         .\Debug/mchol.obj
         .\Debug/mrand.obj
         .\Debug/pngutil.obj
         .\Debug/prof.obj
         .\Debug/readasm.obj
         .\Debug/readconf.obj
         .\Debug/readpng.obj
         .\Debug/regex.obj
         .\Debug/rgbimutil.obj
         .\Debug/rowley.obj
         .\Debug/rowleyhand.obj
         .\Debug/safe_alloc.obj
         .\Debug/search.obj
         .\Debug/shapefile.obj
         .\Debug/shapemodel.obj
         .\Debug/sparsemat.obj
         .\Debug/startshape.obj
         .\Debug/stasm.obj
         .\Debug/tab.obj
         .\Debug/tclHash.obj
         .\Debug/util.obj
         .\Debug/violajones.obj
         .\Debug/vjhand.obj
         .\Debug/werr.obj
         .\Debug/wrbmp.obj
         .\Debug/wrelease.obj
       Manifest:
         C:\Program Files (x86)\Microsoft SDKs\Windows\v7.0A\bin\mt.exe /nologo /verbose /out:".\Debug\marki.exe.embed.manifest" /manifest .\Debug\marki.exe.intermediate.manifest
         C:\Program Files (x86)\Microsoft SDKs\Windows\v7.0A\bin\rc.exe /nologo /fo".\Debug\marki.exe.embed.manifest.res" .\Debug\marki_manifest.rc 
       LinkEmbedManifest:
         c:\Program Files (x86)\Microsoft Visual Studio 10.0\VC\bin\link.exe /ERRORREPORT:PROMPT /OUT:"Debug/marki.exe" /INCREMENTAL /NOLOGO odbc32.lib odbccp32.lib winmm.lib ..\gsl\lib_ms\mini_gslML.lib ..\gsl\lib_ms\gslcblasML.lib ..\jpeg\lib_ms\libjpeg.lib \OpenCV2.1\lib\cv210.lib \OpenCV2.1\lib\cxcore210.lib \OpenCV2.1\lib\highgui210.lib setargv.obj binmode.obj comctl32.lib ..\png\pnglib\libpng.lib ..\png\zlib\zlib.lib kernel32.lib user32.lib gdi32.lib winspool.lib comdlg32.lib advapi32.lib shell32.lib ole32.lib oleaut32.lib uuid.lib odbc32.lib odbccp32.lib /NODEFAULTLIB:LIBCD /NODEFAULTLIB:LIBC /MANIFEST /ManifestFile:".\Debug\marki.exe.intermediate.manifest" /MANIFESTUAC:"level='asInvoker' uiAccess='false'" /DEBUG /PDB:".\Debug/marki.pdb" /SUBSYSTEM:WINDOWS /TLBID:1 /DYNAMICBASE:NO /IMPLIB:".\Debug\marki.lib" /MACHINE:X86 .\Debug\marki.res
         .\Debug\marki.exe.embed.manifest.res
         .\Debug/asmsearch.obj
         .\Debug/atface.obj
         .\Debug/ezfont.obj
         .\Debug/find.obj
         .\Debug/follow.obj
         .\Debug/forward.obj
         .\Debug/imequalize.obj
         .\Debug/imfile.obj
         .\Debug/imwrite.obj
         .\Debug/imgiven.obj
         .\Debug/imshape.obj
         .\Debug/hypot.obj
         .\Debug/imutil.obj
         .\Debug/initasm.obj
         .\Debug/initnet.obj
         .\Debug/jpegutil.obj
         .\Debug/landmarks.obj
         .\Debug/list.obj
         .\Debug/marki.obj
         .\Debug/winfile.obj
         .\Debug/mat.obj
         .\Debug/matvec.obj
         .\Debug/mchol.obj
         .\Debug/mrand.obj
         .\Debug/pngutil.obj
         .\Debug/prof.obj
         .\Debug/readasm.obj
         .\Debug/readconf.obj
         .\Debug/readpng.obj
         .\Debug/regex.obj
         .\Debug/rgbimutil.obj
         .\Debug/rowley.obj
         .\Debug/rowleyhand.obj
         .\Debug/safe_alloc.obj
         .\Debug/search.obj
         .\Debug/shapefile.obj
         .\Debug/shapemodel.obj
         .\Debug/sparsemat.obj
         .\Debug/startshape.obj
         .\Debug/stasm.obj
         .\Debug/tab.obj
         .\Debug/tclHash.obj
         .\Debug/util.obj
         .\Debug/violajones.obj
         .\Debug/vjhand.obj
         .\Debug/werr.obj
         .\Debug/wrbmp.obj
         .\Debug/wrelease.obj
         marki.vcxproj -> C:\Users\tom\Documents\Visual Studio 2010\Projects\PEWSHOOM\vc10\.\Debug\marki.exe
       FinalizeBuildStatus:
         Deleting file ".\Debug\marki.unsuccessfulbuild".
         Touching ".\Debug\marki.lastbuildstate".
     1>Done Building Project "C:\Users\tom\Documents\Visual Studio 2010\Projects\PEWSHOOM\vc10\marki.vcxproj" (build target(s)).

Build succeeded.

Time Elapsed 00:00:05.58
