Build started 6/25/2012 3:51:54 PM.
     1>Project "C:\Users\tom\Documents\Visual Studio 2010\Projects\PEWSHOOM\vc10\marki.vcxproj" on node 2 (build target(s)).
     1>InitializeBuildStatus:
         Creating ".\Release\marki.unsuccessfulbuild" because "AlwaysCreate" was specified.
       ClCompile:
         c:\Program Files (x86)\Microsoft Visual Studio 10.0\VC\bin\CL.exe /c /I\OpenCV2.1\include\opencv /I..\regex /I..\gsl /I..\gsl\gsl /I..\image /I..\jpeg /I..\mat /I..\rowley /I..\stasm /I..\tasm /I..\png /I..\png\zlib /I..\png\pnglib /Zi /nologo /W3 /WX- /O2 /Ob1 /Oy- /D WIN32 /D NDEBUG /D _CONSOLE /D HAVE_CONFIG_H /D STDC_HEADERS /D REGEX_MALLOC /D _VC80_UPGRADE=0x0600 /D _MBCS /GF /Gm- /EHsc /MT /GS /Gy /fp:precise /Zc:wchar_t /Zc:forScope /Fo".\Release/" /Fd".\Release/vc100.pdb" /Gd /TP /analyze- /errorReport:prompt ..\stasm\asmsearch.cpp ..\stasm\atface.cpp ..\rowley\find.cpp ..\rowley\follow.cpp ..\rowley\forward.cpp ..\image\imequalize.cpp ..\image\imfile.cpp ..\image\imwrite.cpp ..\image\imgiven.cpp ..\stasm\imshape.cpp ..\image\imutil.cpp ..\stasm\initasm.cpp ..\rowley\initnet.cpp ..\image\jpegutil.cpp ..\stasm\landmarks.cpp ..\rowley\list.cpp ..\winapps\marki\marki.cpp ..\stasm\winfile.cpp ..\mat\mat.cpp ..\mat\matvec.cpp ..\mat\mchol.cpp ..\tasm\mrand.cpp ..\image\pngutil.cpp ..\stasm\prof.cpp ..\stasm\readasm.cpp ..\stasm\readconf.cpp ..\image\rgbimutil.cpp ..\stasm\rowley.cpp ..\stasm\rowleyhand.cpp ..\stasm\safe_alloc.cpp ..\rowley\search.cpp ..\stasm\shapefile.cpp ..\stasm\shapemodel.cpp ..\stasm\sparsemat.cpp ..\stasm\startshape.cpp ..\stasm\stasm.cpp ..\stasm\tab.cpp ..\stasm\util.cpp ..\stasm\violajones.cpp ..\stasm\vjhand.cpp ..\stasm\werr.cpp ..\stasm\wrelease.cpp 
          
         asmsearch.cpp
         atface.cpp
         find.cpp
         follow.cpp
         forward.cpp
         imequalize.cpp
         imfile.cpp
         imwrite.cpp
         imgiven.cpp
         imshape.cpp
         imutil.cpp
         initasm.cpp
         initnet.cpp
         jpegutil.cpp
         landmarks.cpp
         list.cpp
         marki.cpp
         winfile.cpp
         mat.cpp
         matvec.cpp
         Generating Code...
         Compiling...
         mchol.cpp
         mrand.cpp
         pngutil.cpp
         prof.cpp
         readasm.cpp
         readconf.cpp
         rgbimutil.cpp
         rowley.cpp
         rowleyhand.cpp
         safe_alloc.cpp
         search.cpp
         shapefile.cpp
         shapemodel.cpp
         sparsemat.cpp
         startshape.cpp
         stasm.cpp
         tab.cpp
         util.cpp
         violajones.cpp
         vjhand.cpp
         Generating Code...
         Compiling...
         werr.cpp
         wrelease.cpp
         Generating Code...
         c:\Program Files (x86)\Microsoft Visual Studio 10.0\VC\bin\CL.exe /c /I\OpenCV2.1\include\opencv /I..\regex /I..\gsl /I..\gsl\gsl /I..\image /I..\jpeg /I..\mat /I..\rowley /I..\stasm /I..\tasm /I..\png /I..\png\zlib /I..\png\pnglib /Zi /nologo /W3 /WX- /O2 /Ob1 /Oy- /D WIN32 /D NDEBUG /D _CONSOLE /D HAVE_CONFIG_H /D STDC_HEADERS /D REGEX_MALLOC /D _VC80_UPGRADE=0x0600 /D _MBCS /GF /Gm- /EHsc /MT /GS /Gy /fp:precise /Zc:wchar_t /Zc:forScope /Fo".\Release/" /Fd".\Release/vc100.pdb" /Gd /TC /analyze- /errorReport:prompt ..\image\ezfont.c ..\stasm\hypot.c ..\png\readpng.c ..\regex\regex.c ..\rowley\tclHash.c ..\jpeg\wrbmp.c 
          
         ezfont.c
         hypot.c
         readpng.c
         regex.c
         tclHash.c
         wrbmp.c
         Generating Code...
       ResourceCompile:
         C:\Program Files (x86)\Microsoft SDKs\Windows\v7.0A\bin\rc.exe /D NDEBUG /D _VC80_UPGRADE=0x0600 /l"0x0409" /nologo /fo".\Release\marki.res" ..\winapps\marki\marki.rc 
       Link:
         c:\Program Files (x86)\Microsoft Visual Studio 10.0\VC\bin\link.exe /ERRORREPORT:PROMPT /OUT:"Release/marki.exe" /INCREMENTAL:NO /NOLOGO odbc32.lib odbccp32.lib ..\gsl\lib_ms\mini_gslML.lib ..\gsl\lib_ms\gslcblasML.lib ..\jpeg\lib_ms\libjpeg.lib \OpenCV2.1\lib\cv210.lib \OpenCV2.1\lib\cxcore210.lib \OpenCV2.1\lib\highgui210.lib setargv.obj binmode.obj comctl32.lib winmm.lib ..\png\pnglib\libpng.lib ..\png\zlib\zlib.lib kernel32.lib user32.lib gdi32.lib winspool.lib comdlg32.lib advapi32.lib shell32.lib ole32.lib oleaut32.lib uuid.lib odbc32.lib odbccp32.lib /NODEFAULTLIB:LIBC /MANIFEST /ManifestFile:".\Release\marki.exe.intermediate.manifest" /MANIFESTUAC:"level='asInvoker' uiAccess='false'" /PDB:".\Release/marki.pdb" /SUBSYSTEM:WINDOWS /TLBID:1 /DYNAMICBASE:NO /IMPLIB:".\Release\marki.lib" /MACHINE:X86 .\Release\marki.res
         .\Release/asmsearch.obj
         .\Release/atface.obj
         .\Release/ezfont.obj
         .\Release/find.obj
         .\Release/follow.obj
         .\Release/forward.obj
         .\Release/imequalize.obj
         .\Release/imfile.obj
         .\Release/imwrite.obj
         .\Release/imgiven.obj
         .\Release/imshape.obj
         .\Release/hypot.obj
         .\Release/imutil.obj
         .\Release/initasm.obj
         .\Release/initnet.obj
         .\Release/jpegutil.obj
         .\Release/landmarks.obj
         .\Release/list.obj
         .\Release/marki.obj
         .\Release/winfile.obj
         .\Release/mat.obj
         .\Release/matvec.obj
         .\Release/mchol.obj
         .\Release/mrand.obj
         .\Release/pngutil.obj
         .\Release/prof.obj
         .\Release/readasm.obj
         .\Release/readconf.obj
         .\Release/readpng.obj
         .\Release/regex.obj
         .\Release/rgbimutil.obj
         .\Release/rowley.obj
         .\Release/rowleyhand.obj
         .\Release/safe_alloc.obj
         .\Release/search.obj
         .\Release/shapefile.obj
         .\Release/shapemodel.obj
         .\Release/sparsemat.obj
         .\Release/startshape.obj
         .\Release/stasm.obj
         .\Release/tab.obj
         .\Release/tclHash.obj
         .\Release/util.obj
         .\Release/violajones.obj
         .\Release/vjhand.obj
         .\Release/werr.obj
         .\Release/wrbmp.obj
         .\Release/wrelease.obj
         marki.vcxproj -> C:\Users\tom\Documents\Visual Studio 2010\Projects\PEWSHOOM\vc10\.\Release\marki.exe
       Manifest:
         C:\Program Files (x86)\Microsoft SDKs\Windows\v7.0A\bin\mt.exe /nologo /verbose /outputresource:"Release/marki.exe;#1" /manifest .\Release\marki.exe.intermediate.manifest
       FinalizeBuildStatus:
         Deleting file ".\Release\marki.unsuccessfulbuild".
         Touching ".\Release\marki.lastbuildstate".
     1>Done Building Project "C:\Users\tom\Documents\Visual Studio 2010\Projects\PEWSHOOM\vc10\marki.vcxproj" (build target(s)).

Build succeeded.

Time Elapsed 00:01:21.11
